#
# There is insufficient memory for the Java Runtime Environment to continue.
# Native memory allocation (mmap) failed to map 264241152 bytes for G1 virtual space
# Possible reasons:
#   The system is out of physical RAM or swap space
#   The process is running with CompressedOops enabled, and the Java Heap may be blocking the growth of the native heap
# Possible solutions:
#   Reduce memory load on the system
#   Increase physical memory or swap space
#   Check if swap backing store is full
#   Decrease Java heap size (-Xmx/-Xms)
#   Decrease number of Java threads
#   Decrease Java thread stack sizes (-Xss)
#   Set larger code cache with -XX:ReservedCodeCacheSize=
#   JVM is running with Zero Based Compressed Oops mode in which the Java heap is
#     placed in the first 32GB address space. The Java Heap base address is the
#     maximum limit for the native heap growth. Please use -XX:HeapBaseMinAddress
#     to set the Java Heap base and to place the Java Heap above 32GB virtual address.
# This output file may be truncated or incomplete.
#
#  Out of Memory Error (os_windows.cpp:3532), pid=40260, tid=36892
#
# JRE version:  (17.0.2+8) (build )
# Java VM: Java HotSpot(TM) 64-Bit Server VM (17.0.2+8-LTS-86, mixed mode, sharing, tiered, compressed oops, compressed class ptrs, g1 gc, windows-amd64)
# No core dump will be written. Minidumps are not enabled by default on client versions of Windows
#

---------------  S U M M A R Y ------------

Command Line: -Dfile.encoding=UTF-8 --module-path=E:\Employee Management System\build\classes employee.management.system.AddEmployee

Host: 12th Gen Intel(R) Core(TM) i5-1235U, 12 cores, 15G,  Windows 11 , 64 bit Build 22621 (10.0.22621.4830)
Time: Sun Feb 23 02:47:26 2025 India Standard Time elapsed time: 0.021648 seconds (0d 0h 0m 0s)

---------------  T H R E A D  ---------------

Current thread (0x000001b7e0a40aa0):  JavaThread "Unknown thread" [_thread_in_vm, id=36892, stack(0x00000066ef200000,0x00000066ef300000)]

Stack: [0x00000066ef200000,0x00000066ef300000]
Native frames: (J=compiled Java code, j=interpreted, Vv=VM code, C=native code)
V  [jvm.dll+0x670baa]
V  [jvm.dll+0x7cfcb4]
V  [jvm.dll+0x7d145e]
V  [jvm.dll+0x7d1ac3]
V  [jvm.dll+0x242bc5]
V  [jvm.dll+0x66dac9]
V  [jvm.dll+0x662412]
V  [jvm.dll+0x300c0b]
V  [jvm.dll+0x3081a6]
V  [jvm.dll+0x357d0e]
V  [jvm.dll+0x357f3f]
V  [jvm.dll+0x2d7ec8]
V  [jvm.dll+0x2d8e34]
V  [jvm.dll+0x7a18c1]
V  [jvm.dll+0x365a91]
V  [jvm.dll+0x780d2c]
V  [jvm.dll+0x3e845f]
V  [jvm.dll+0x3e9f01]
C  [jli.dll+0x527b]
C  [ucrtbase.dll+0x29333]
C  [KERNEL32.DLL+0x1259d]
C  [ntdll.dll+0x5af38]


---------------  P R O C E S S  ---------------

Threads class SMR info:
_java_thread_list=0x00007ffbb5bd9858, length=0, elements={
}

Java Threads: ( => current thread )

Other Threads:
  0x000001b7e0a900c0 GCTaskThread "GC Thread#0" [stack: 0x00000066ef300000,0x00000066ef400000] [id=21560]
  0x000001b7e0aa09e0 ConcurrentGCThread "G1 Main Marker" [stack: 0x00000066ef400000,0x00000066ef500000] [id=37188]
  0x000001b7e0aa1aa0 ConcurrentGCThread "G1 Conc#0" [stack: 0x00000066ef500000,0x00000066ef600000] [id=40792]

[error occurred during error reporting (printing all threads), id 0xc0000005, EXCEPTION_ACCESS_VIOLATION (0xc0000005) at pc=0x00007ffbb54288a7]

VM state: not at safepoint (not fully initialized)

VM Mutex/Monitor currently owned by a thread:  ([mutex/lock_event])
[0x000001b7e0a3daf0] Heap_lock - owner thread: 0x000001b7e0a40aa0

Heap address: 0x0000000705200000, size: 4014 MB, Compressed Oops mode: Zero based, Oop shift amount: 3

CDS archive(s) mapped at: [0x0000000000000000-0x0000000000000000-0x0000000000000000), size 0, SharedBaseAddress: 0x0000000800000000, ArchiveRelocationMode: 0.
Narrow klass base: 0x0000000000000000, Narrow klass shift: 0, Narrow klass range: 0x0

GC Precious Log:
<Empty>

Heap:
 garbage-first heap   total 0K, used 0K [0x0000000705200000, 0x0000000800000000)
  region size 2048K, 0 young (0K), 0 survivors (0K)

[error occurred during error reporting (printing heap information), id 0xc0000005, EXCEPTION_ACCESS_VIOLATION (0xc0000005) at pc=0x00007ffbb5809f19]

GC Heap History (0 events):
No events

Deoptimization events (0 events):
No events

Classes unloaded (0 events):
No events

Classes redefined (0 events):
No events

Internal exceptions (0 events):
No events

VM Operations (0 events):
No events

Events (1 events):
Event: 0.009 Loaded shared library C:\Program Files\Java\jdk-17.0.2\bin\java.dll


Dynamic libraries:
0x00007ff6656c0000 - 0x00007ff6656d0000 	C:\Program Files\Java\jdk-17.0.2\bin\java.exe
0x00007ffc4dcd0000 - 0x00007ffc4dee7000 	C:\windows\SYSTEM32\ntdll.dll
0x00007ffc4c2a0000 - 0x00007ffc4c364000 	C:\windows\System32\KERNEL32.DLL
0x00007ffc4b1e0000 - 0x00007ffc4b5b0000 	C:\windows\System32\KERNELBASE.dll
0x00007ffc4b720000 - 0x00007ffc4b831000 	C:\windows\System32\ucrtbase.dll
0x00007ffc47000000 - 0x00007ffc4701a000 	C:\Program Files\Java\jdk-17.0.2\bin\VCRUNTIME140.dll
0x00007ffc35140000 - 0x00007ffc35158000 	C:\Program Files\Java\jdk-17.0.2\bin\jli.dll
0x00007ffc4c830000 - 0x00007ffc4c8e1000 	C:\windows\System32\ADVAPI32.dll
0x00007ffc4d510000 - 0x00007ffc4d5b7000 	C:\windows\System32\msvcrt.dll
0x00007ffc4c780000 - 0x00007ffc4c827000 	C:\windows\System32\sechost.dll
0x00007ffc4b990000 - 0x00007ffc4b9b8000 	C:\windows\System32\bcrypt.dll
0x00007ffc4c470000 - 0x00007ffc4c584000 	C:\windows\System32\RPCRT4.dll
0x00007ffc4d5c0000 - 0x00007ffc4d76e000 	C:\windows\System32\USER32.dll
0x00007ffc4b840000 - 0x00007ffc4b866000 	C:\windows\System32\win32u.dll
0x00007ffc4d900000 - 0x00007ffc4d929000 	C:\windows\System32\GDI32.dll
0x00007ffc29070000 - 0x00007ffc29302000 	C:\windows\WinSxS\amd64_microsoft.windows.common-controls_6595b64144ccf1df_6.0.22621.4830_none_270fe7d773858e80\COMCTL32.dll
0x00007ffc4b870000 - 0x00007ffc4b98b000 	C:\windows\System32\gdi32full.dll
0x00007ffc4af80000 - 0x00007ffc4b01a000 	C:\windows\System32\msvcp_win.dll
0x00007ffc3f460000 - 0x00007ffc3f46a000 	C:\windows\SYSTEM32\VERSION.dll
0x00007ffc4c590000 - 0x00007ffc4c5c1000 	C:\windows\System32\IMM32.DLL
0x00007ffc46ff0000 - 0x00007ffc46ffc000 	C:\Program Files\Java\jdk-17.0.2\bin\vcruntime140_1.dll
0x00007ffc15a40000 - 0x00007ffc15acd000 	C:\Program Files\Java\jdk-17.0.2\bin\msvcp140.dll
0x00007ffbb5140000 - 0x00007ffbb5d01000 	C:\Program Files\Java\jdk-17.0.2\bin\server\jvm.dll
0x00007ffc4c020000 - 0x00007ffc4c028000 	C:\windows\System32\PSAPI.DLL
0x00007ffc471a0000 - 0x00007ffc471a9000 	C:\windows\SYSTEM32\WSOCK32.dll
0x00007ffc4db90000 - 0x00007ffc4dc01000 	C:\windows\System32\WS2_32.dll
0x00007ffc41ab0000 - 0x00007ffc41ae4000 	C:\windows\SYSTEM32\WINMM.dll
0x00007ffc49f90000 - 0x00007ffc49fa8000 	C:\windows\SYSTEM32\kernel.appcore.dll
0x00007ffc46ce0000 - 0x00007ffc46cea000 	C:\Program Files\Java\jdk-17.0.2\bin\jimage.dll
0x00007ffc48840000 - 0x00007ffc48a72000 	C:\windows\SYSTEM32\DBGHELP.DLL
0x00007ffc4d180000 - 0x00007ffc4d510000 	C:\windows\System32\combase.dll
0x00007ffc4c390000 - 0x00007ffc4c467000 	C:\windows\System32\OLEAUT32.dll
0x00007ffc2bb80000 - 0x00007ffc2bbb2000 	C:\windows\SYSTEM32\dbgcore.DLL
0x00007ffc4b0a0000 - 0x00007ffc4b11b000 	C:\windows\System32\bcryptPrimitives.dll
0x00007ffc34a70000 - 0x00007ffc34a95000 	C:\Program Files\Java\jdk-17.0.2\bin\java.dll

dbghelp: loaded successfully - version: 4.0.5 - missing functions: none
symbol engine: initialized successfully - sym options: 0x614 - pdb path: .;C:\Program Files\Java\jdk-17.0.2\bin;C:\windows\SYSTEM32;C:\windows\WinSxS\amd64_microsoft.windows.common-controls_6595b64144ccf1df_6.0.22621.4830_none_270fe7d773858e80;C:\Program Files\Java\jdk-17.0.2\bin\server

VM Arguments:
jvm_args: -Dfile.encoding=UTF-8 --module-path=E:\Employee Management System\build\classes 
java_command: employee.management.system.AddEmployee
java_class_path (initial): C:\Users\priyanka\Downloads\mysql-connector-java-8.0.28.jar;C:\Users\priyanka\Downloads\jcalendar-tz-1.3.3-4.jar;E:\Employee Management System\build\classes
Launcher Type: SUN_STANDARD

[Global flags]
     intx CICompilerCount                          = 4                                         {product} {ergonomic}
     uint ConcGCThreads                            = 3                                         {product} {ergonomic}
     uint G1ConcRefinementThreads                  = 10                                        {product} {ergonomic}
   size_t G1HeapRegionSize                         = 2097152                                   {product} {ergonomic}
    uintx GCDrainStackTargetSize                   = 64                                        {product} {ergonomic}
   size_t InitialHeapSize                          = 264241152                                 {product} {ergonomic}
   size_t MarkStackSize                            = 4194304                                   {product} {ergonomic}
   size_t MaxHeapSize                              = 4208984064                                {product} {ergonomic}
   size_t MinHeapDeltaBytes                        = 2097152                                   {product} {ergonomic}
   size_t MinHeapSize                              = 8388608                                   {product} {ergonomic}
    uintx NonNMethodCodeHeapSize                   = 5839372                                {pd product} {ergonomic}
    uintx NonProfiledCodeHeapSize                  = 122909434                              {pd product} {ergonomic}
    uintx ProfiledCodeHeapSize                     = 122909434                              {pd product} {ergonomic}
    uintx ReservedCodeCacheSize                    = 251658240                              {pd product} {ergonomic}
     bool SegmentedCodeCache                       = true                                      {product} {ergonomic}
   size_t SoftMaxHeapSize                          = 4208984064                             {manageable} {ergonomic}
     bool UseCompressedClassPointers               = true                           {product lp64_product} {ergonomic}
     bool UseCompressedOops                        = true                           {product lp64_product} {ergonomic}
     bool UseG1GC                                  = true                                      {product} {ergonomic}
     bool UseLargePagesIndividualAllocation        = false                                  {pd product} {ergonomic}

Logging:
Log output configuration:
 #0: stdout all=warning uptime,level,tags
 #1: stderr all=off uptime,level,tags

Environment Variables:
PATH=C:\Program Files\Common Files\Oracle\Java\javapath;C:\windows\system32;C:\windows;C:\windows\System32\Wbem;C:\windows\System32\WindowsPowerShell\v1.0\;C:\windows\System32\OpenSSH\;E:\Java\bin;C:\gcc\bin;C:\Program Files\MySQL\MySQL Shell 8.0\bin\;C:\Users\priyanka\AppData\Local\Microsoft\WindowsApps;C:\Program Files\JetBrains\IntelliJ IDEA Community Edition 2022.2.2\bin;;C:\Users\priyanka\AppData\Local\Programs\Microsoft VS Code\bin;C:\Program Files\Java\jdk-17.0.2\bin;C:\Program Files\MySQL\MySQL Server 8.0\bin;
USERNAME=priyanka
OS=Windows_NT
PROCESSOR_IDENTIFIER=Intel64 Family 6 Model 154 Stepping 4, GenuineIntel



---------------  S Y S T E M  ---------------

OS:
 Windows 11 , 64 bit Build 22621 (10.0.22621.4830)
OS uptime: 9 days 14:47 hours
Hyper-V role detected

CPU: total 12 (initial active 12) (6 cores per cpu, 2 threads per core) family 6 model 154 stepping 4 microcode 0x42c, cx8, cmov, fxsr, ht, mmx, 3dnowpref, sse, sse2, sse3, ssse3, sse4.1, sse4.2, popcnt, lzcnt, tsc, tscinvbit, avx, avx2, aes, erms, clmul, bmi1, bmi2, adx, sha, fma, vzeroupper, clflush, clflushopt, clwb, hv

Memory: 4k page, system-wide physical 16055M (4618M free)
TotalPageFile size 30282M (AvailPageFile size 121M)
current process WorkingSet (physical memory assigned to process): 11M, peak: 11M
current process commit charge ("private bytes"): 64M, peak: 316M

vm_info: Java HotSpot(TM) 64-Bit Server VM (17.0.2+8-LTS-86) for windows-amd64 JRE (17.0.2+8-LTS-86), built on Dec  7 2021 21:51:03 by "mach5one" with MS VC++ 16.8 / 16.9 (VS2019)

END.
